<?xml version="1.0" encoding="UTF-8"?>
<!-- Generated by org.testng.reporters.JUnitReportReporter -->
<testsuite hostname="DESKTOP-4H86CTH" failures="0" tests="5" name="com.http.method.testng.GetMethodWithTestNG" time="0.057" errors="0" timestamp="2021-08-28T13:33:59 EDT" skipped="1">
  <testcase classname="com.http.method.testng.GetMethodWithTestNG" name="getStatusCode" time="0.003"/>
  <system-out/>
  <testcase classname="com.http.method.testng.GetMethodWithTestNG" name="getPretty" time="0.053"/>
  <system-out/>
  <testcase classname="com.http.method.testng.GetMethodWithTestNG" name="getResponseTime" time="0.001"/>
  <system-out/>
  <testcase classname="com.http.method.testng.GetMethodWithTestNG" name="getResponseNullOrNot" time="0.000"/>
  <system-out/>
  <testcase classname="com.http.method.testng.GetMethodWithTestNG" name="getContentType">
    <skipped/>
  </testcase> <!-- getContentType -->
  <system-out/>
</testsuite> <!-- com.http.method.testng.GetMethodWithTestNG -->
