<?xml version="1.0" encoding="UTF-8"?>
<!-- Generated by org.testng.reporters.JUnitReportReporter -->
<testsuite hostname="DESKTOP-4H86CTH" failures="0" tests="1" name="com.http.method.cucumber.RunnerFile" time="1.704" errors="0" timestamp="2021-08-28T14:11:16 EDT" skipped="0">
  <testcase classname="com.http.method.cucumber.RunnerFile" name="runScenario" time="1.704"/>
  <system-out/>
</testsuite> <!-- com.http.method.cucumber.RunnerFile -->
