<?xml version="1.0" encoding="UTF-8"?>
<!-- Generated by org.testng.reporters.JUnitReportReporter -->
<testsuite skipped="0" hostname="DESKTOP-4H86CTH" name="com.http.method.cucumber.RunnerFile" tests="1" failures="0" timestamp="2021-08-28T14:12:19 EDT" time="1.979" errors="0">
  <testcase name="runScenario" time="1.979" classname="com.http.method.cucumber.RunnerFile"/>
  <system-out/>
</testsuite> <!-- com.http.method.cucumber.RunnerFile -->
